LexToken(BEGIN,'S',1,0)
LexToken(NONTERMINAL,'S',2,11)
LexToken(ASSIGNMENT,'->',2,15)
LexToken(TERMINAL,'[',2,18)
LexToken(NONTERMINAL,'S',2,22)
LexToken(TERMINAL,']',2,25)
LexToken(SEPARATE,';',2,29)
LexToken(NONTERMINAL,'S',3,31)
LexToken(ASSIGNMENT,'->',3,35)
LexToken(TERMINAL,'(',3,38)
LexToken(NONTERMINAL,'S',3,42)
LexToken(TERMINAL,')',3,45)
LexToken(SEPARATE,';',3,49)
LexToken(NONTERMINAL,'S',4,51)
LexToken(ASSIGNMENT,'->',4,55)
LexToken(NONTERMINAL,'S',4,58)
LexToken(NONTERMINAL,'S',4,61)
LexToken(SEPARATE,';',4,64)
LexToken(NONTERMINAL,'S',5,66)
LexToken(ASSIGNMENT,'->',5,70)
LexToken(TERMINAL,'',5,73)
LexToken(SEPARATE,';',5,75)
LexToken(END,'end',6,77)
