LexToken(BEGIN,'S',1,0)
LexToken(NONTERMINAL,'S',2,11)
LexToken(ASSIGNMENT,'->',2,15)
LexToken(TERMINAL,'a',2,18)
LexToken(NONTERMINAL,'S',2,21)
LexToken(TERMINAL,'a',2,24)
LexToken(SEPARATE,';',2,27)
LexToken(NONTERMINAL,'S',3,29)
LexToken(ASSIGNMENT,'->',3,33)
LexToken(TERMINAL,'b',3,36)
LexToken(NONTERMINAL,'S',3,39)
LexToken(TERMINAL,'b',3,42)
LexToken(SEPARATE,';',3,45)
LexToken(NONTERMINAL,'S',4,47)
LexToken(ASSIGNMENT,'->',4,51)
LexToken(TERMINAL,'a',4,54)
LexToken(SEPARATE,';',4,57)
LexToken(NONTERMINAL,'S',5,59)
LexToken(ASSIGNMENT,'->',5,63)
LexToken(TERMINAL,'b',5,66)
LexToken(SEPARATE,';',5,69)
LexToken(END,'end',6,71)
