LexToken(START,'E',1,0)
LexToken(NON_TERM,'E',2,11)
LexToken(EQ,'=',2,14)
LexToken(NON_TERM,'E',2,16)
LexToken(TERM,'+',2,19)
LexToken(NON_TERM,'T',2,23)
LexToken(UNION,'|',2,26)
LexToken(NON_TERM,'E',2,28)
LexToken(TERM,'-',2,31)
LexToken(NON_TERM,'T',2,35)
LexToken(UNION,'|',2,38)
LexToken(NON_TERM,'T',2,40)
LexToken(ENDL,';',2,42)
LexToken(NON_TERM,'T',3,44)
LexToken(EQ,'=',3,47)
LexToken(NON_TERM,'T',3,49)
LexToken(TERM,'*',3,52)
LexToken(NON_TERM,'F',3,56)
LexToken(UNION,'|',3,59)
LexToken(NON_TERM,'T',3,61)
LexToken(TERM,'/',3,64)
LexToken(NON_TERM,'F',3,68)
LexToken(UNION,'|',3,71)
LexToken(NON_TERM,'F',3,73)
LexToken(ENDL,';',3,75)
LexToken(NON_TERM,'F',4,77)
LexToken(EQ,'=',4,80)
LexToken(TERM,'(',4,82)
LexToken(NON_TERM,'E',4,86)
LexToken(TERM,')',4,89)
LexToken(UNION,'|',4,93)
LexToken(NON_TERM,'N',4,95)
LexToken(ENDL,';',4,97)
LexToken(NON_TERM,'N',5,99)
LexToken(EQ,'=',5,102)
LexToken(NON_TERM,'D',5,104)
LexToken(NON_TERM,'Т',5,107)
LexToken(UNION,'|',5,110)
LexToken(NON_TERM,'D',5,112)
LexToken(NON_TERM,'D',6,115)
LexToken(EQ,'=',6,118)
LexToken(TERM,'0',6,120)
LexToken(UNION,'|',6,124)
LexToken(TERM,'1',6,126)
LexToken(UNION,'|',6,130)
LexToken(TERM,'2',6,132)
LexToken(UNION,'|',6,136)
LexToken(TERM,'3',6,138)
LexToken(UNION,'|',6,142)
LexToken(TERM,'4',6,144)
LexToken(UNION,'|',6,148)
LexToken(TERM,'5',6,150)
LexToken(UNION,'|',6,154)
LexToken(TERM,'6',6,156)
LexToken(UNION,'|',6,160)
LexToken(TERM,'7',6,162)
LexToken(UNION,'|',6,166)
LexToken(TERM,'8',6,168)
LexToken(UNION,'|',6,172)
LexToken(TERM,'9',6,174)
LexToken(ENDL,';',6,177)
