LexToken(FIRST_NOT_A_TERMINAL,'A',1,0)
LexToken(NOT_A_TERMINAL,'A',2,10)
LexToken(BIND,'~',2,14)
LexToken(NOT_A_TERMINAL,'A',2,16)
LexToken(NOT_A_TERMINAL,'B',2,19)
LexToken(OR,'|',2,23)
LexToken(TERMINAL,'a',2,25)
LexToken(OR,'|',2,29)
LexToken(NULL,'NULL',2,31)
LexToken(ENDL,',',2,35)
LexToken(NOT_A_TERMINAL,'B',3,37)
LexToken(BIND,'~',3,41)
LexToken(NOT_A_TERMINAL,'A',3,43)
LexToken(TERMINAL,'b',3,46)
LexToken(OR,'|',3,50)
LexToken(NOT_A_TERMINAL,'C',3,52)
LexToken(ENDL,',',3,62)
LexToken(NOT_A_TERMINAL,'C',4,64)
LexToken(BIND,'~',4,68)
LexToken(TERMINAL,'ab',4,70)
LexToken(OR,'|',4,77)
LexToken(NULL,'NULL',4,79)
