LexToken(START,'S',1,0)
LexToken(SEPARATOR,';',1,11)
LexToken(NONTERM,'S',2,0)
LexToken(TO,'to',2,6)
LexToken(NONTERM,'S',2,9)
LexToken(TERM,'+',2,15)
LexToken(NONTERM,'N',2,21)
LexToken(SEPARATOR,';',2,26)
LexToken(NONTERM,'S',3,0)
LexToken(TO,'to',3,6)
LexToken(NONTERM,'S',3,9)
LexToken(TERM,'*',3,15)
LexToken(NONTERM,'N',3,21)
LexToken(SEPARATOR,';',3,26)
LexToken(NONTERM,'S',4,0)
LexToken(TO,'to',4,6)
LexToken(NONTERM,'N',4,9)
LexToken(SEPARATOR,';',4,14)
LexToken(NONTERM,'N',5,0)
LexToken(TO,'to',5,6)
LexToken(TERM,'0',5,9)
LexToken(SEPARATOR,';',5,14)
LexToken(NONTERM,'N',6,0)
LexToken(TO,'to',6,6)
LexToken(TERM,'1',6,9)
LexToken(SEPARATOR,';',6,14)
LexToken(NONTERM,'N',7,0)
LexToken(TO,'to',7,6)
LexToken(TERM,'2',7,9)
LexToken(SEPARATOR,';',7,14)
LexToken(NONTERM,'N',8,0)
LexToken(TO,'to',8,6)
LexToken(TERM,'3',8,9)
LexToken(SEPARATOR,';',8,14)
LexToken(NONTERM,'N',9,0)
LexToken(TO,'to',9,6)
LexToken(TERM,'4',9,9)
LexToken(SEPARATOR,';',9,14)
LexToken(NONTERM,'N',10,0)
LexToken(TO,'to',10,6)
LexToken(TERM,'5',10,9)
LexToken(SEPARATOR,';',10,14)
LexToken(NONTERM,'N',11,0)
LexToken(TO,'to',11,6)
LexToken(TERM,'6',11,9)
LexToken(SEPARATOR,';',11,14)
LexToken(NONTERM,'N',12,0)
LexToken(TO,'to',12,6)
LexToken(TERM,'7',12,9)
LexToken(SEPARATOR,';',12,14)
LexToken(NONTERM,'N',13,0)
LexToken(TO,'to',13,6)
LexToken(TERM,'8',13,9)
LexToken(SEPARATOR,';',13,14)
LexToken(NONTERM,'N',14,0)
LexToken(TO,'to',14,6)
LexToken(TERM,'9',14,9)
LexToken(SEPARATOR,';',14,14)
