LexToken(BEGIN,'N',1,0)
LexToken(NONTERMINAL,'N',2,11)
LexToken(ASSIGNMENT,'->',2,15)
LexToken(TERMINAL,'0',2,18)
LexToken(SEPARATE,';',2,21)
LexToken(NONTERMINAL,'N',3,23)
LexToken(ASSIGNMENT,'->',3,27)
LexToken(TERMINAL,'1',3,30)
LexToken(SEPARATE,';',3,33)
LexToken(NONTERMINAL,'N',4,35)
LexToken(ASSIGNMENT,'->',4,39)
LexToken(TERMINAL,'2',4,42)
LexToken(SEPARATE,';',4,45)
LexToken(NONTERMINAL,'N',5,47)
LexToken(ASSIGNMENT,'->',5,51)
LexToken(TERMINAL,'3',5,54)
LexToken(SEPARATE,';',5,57)
LexToken(NONTERMINAL,'N',6,59)
LexToken(ASSIGNMENT,'->',6,63)
LexToken(TERMINAL,'4',6,66)
LexToken(SEPARATE,';',6,69)
LexToken(NONTERMINAL,'N',7,71)
LexToken(ASSIGNMENT,'->',7,75)
LexToken(TERMINAL,'5',7,78)
LexToken(SEPARATE,';',7,81)
LexToken(NONTERMINAL,'N',8,83)
LexToken(ASSIGNMENT,'->',8,87)
LexToken(TERMINAL,'6',8,90)
LexToken(SEPARATE,';',8,93)
LexToken(NONTERMINAL,'N',9,95)
LexToken(ASSIGNMENT,'->',9,99)
LexToken(TERMINAL,'7',9,102)
LexToken(SEPARATE,';',9,105)
LexToken(NONTERMINAL,'N',10,107)
LexToken(ASSIGNMENT,'->',10,111)
LexToken(TERMINAL,'8',10,114)
LexToken(SEPARATE,';',10,117)
LexToken(NONTERMINAL,'N',11,119)
LexToken(ASSIGNMENT,'->',11,123)
LexToken(TERMINAL,'9',11,126)
LexToken(SEPARATE,';',11,129)
LexToken(NONTERMINAL,'N',12,131)
LexToken(ASSIGNMENT,'->',12,135)
LexToken(NONTERMINAL,'N',12,138)
LexToken(TERMINAL,'+',12,141)
LexToken(NONTERMINAL,'N',12,144)
LexToken(SEPARATE,';',12,147)
LexToken(NONTERMINAL,'N',13,149)
LexToken(ASSIGNMENT,'->',13,153)
LexToken(NONTERMINAL,'N',13,156)
LexToken(TERMINAL,'-',13,159)
LexToken(NONTERMINAL,'N',13,162)
LexToken(SEPARATE,';',13,165)
LexToken(END,'end',14,167)
