LexToken(BEGIN,'S',1,0)
LexToken(NONTERM,'S',2,6)
LexToken(TO,'->',2,9)
LexToken(NONTERM,'A',2,11)
LexToken(NONTERM,'S',2,14)
LexToken(NONTERM,'B',2,17)
LexToken(NONTERM,'S',2,20)
LexToken(OR,'|',2,23)
LexToken(NONTERM,'B',2,24)
LexToken(NONTERM,'S',2,27)
LexToken(NONTERM,'A',2,30)
LexToken(NONTERM,'S',2,33)
LexToken(OR,'|',2,36)
LexToken(EPS,'_',2,37)
LexToken(SEP,';',2,38)
LexToken(NONTERM,'A',3,40)
LexToken(TO,'->',3,43)
LexToken(TERM,'a',3,45)
LexToken(SEP,';',3,48)
LexToken(NONTERM,'B',4,50)
LexToken(TO,'->',4,53)
LexToken(TERM,'b',4,55)
LexToken(SEP,';',4,58)
