LexToken(START,'S',1,0)
LexToken(SEPARATOR,';',1,11)
LexToken(NONTERM,'S',2,0)
LexToken(TO,'to',2,6)
LexToken(TERM,'a',2,9)
LexToken(NONTERM,'S',2,15)
LexToken(NONTERM,'A',2,21)
LexToken(SEPARATOR,';',2,26)
LexToken(NONTERM,'S',3,0)
LexToken(TO,'to',3,6)
LexToken(TERM,'a',3,9)
LexToken(NONTERM,'T',3,15)
LexToken(SEPARATOR,';',3,20)
LexToken(NONTERM,'T',4,0)
LexToken(NONTERM,'A',4,6)
LexToken(TO,'to',4,12)
LexToken(TERM,'b',4,15)
LexToken(NONTERM,'T',4,21)
LexToken(TERM,'a',4,27)
LexToken(SEPARATOR,';',4,32)
LexToken(TERM,'a',5,0)
LexToken(NONTERM,'A',5,6)
LexToken(TO,'to',5,12)
LexToken(NONTERM,'A',5,15)
LexToken(TERM,'a',5,21)
LexToken(SEPARATOR,';',5,26)
LexToken(NONTERM,'T',6,0)
LexToken(TO,'to',6,6)
LexToken(TERM,'b',6,9)
LexToken(TERM,'a',6,15)
LexToken(SEPARATOR,';',6,20)
