LexToken(START,'S',1,0)
LexToken(DELIMITER,';',1,11)
LexToken(NON_TERM,'S',2,0)
LexToken(EQ,'=',2,4)
LexToken(TERM,'0',2,6)
LexToken(DELIMITER,';',2,9)
LexToken(NON_TERM,'S',3,0)
LexToken(EQ,'=',3,4)
LexToken(TERM,'1',3,6)
LexToken(NON_TERM,'F',3,9)
LexToken(DELIMITER,';',3,12)
LexToken(NON_TERM,'S',4,0)
LexToken(EQ,'=',4,4)
LexToken(TERM,'-',4,6)
LexToken(TERM,'1',4,9)
LexToken(NON_TERM,'F',4,12)
LexToken(DELIMITER,';',4,15)
LexToken(NON_TERM,'F',5,0)
LexToken(EQ,'=',5,4)
LexToken(TERM,'0',5,6)
LexToken(NON_TERM,'F',5,9)
LexToken(DELIMITER,';',5,12)
LexToken(NON_TERM,'F',6,0)
LexToken(EQ,'=',6,4)
LexToken(TERM,'1',6,6)
LexToken(NON_TERM,'F',6,9)
LexToken(DELIMITER,';',6,12)
LexToken(NON_TERM,'F',7,0)
LexToken(EQ,'=',7,4)
LexToken(EPS,'&',7,6)
LexToken(DELIMITER,';',7,7)
