LexToken(START,'S',1,0)
LexToken(DELIMITER,';',1,11)
LexToken(NON_TERM,'S',2,0)
LexToken(EQ,'=',2,4)
LexToken(TERM,'a',2,6)
LexToken(NON_TERM,'S',2,9)
LexToken(TERM,'a',2,12)
LexToken(DELIMITER,';',2,15)
LexToken(NON_TERM,'S',3,0)
LexToken(EQ,'=',3,4)
LexToken(TERM,'b',3,6)
LexToken(NON_TERM,'S',3,9)
LexToken(TERM,'b',3,12)
LexToken(DELIMITER,';',3,15)
LexToken(NON_TERM,'S',4,0)
LexToken(EQ,'=',4,4)
LexToken(TERM,'c',4,6)
LexToken(NON_TERM,'S',4,9)
LexToken(TERM,'c',4,12)
LexToken(DELIMITER,';',4,15)
LexToken(NON_TERM,'S',5,0)
LexToken(EQ,'=',5,4)
LexToken(TERM,'\\$',5,6)
LexToken(NON_TERM,'S',5,10)
LexToken(TERM,'\\$',5,13)
LexToken(DELIMITER,';',5,17)
LexToken(NON_TERM,'S',6,0)
LexToken(EQ,'=',6,4)
LexToken(EPS,'&',6,6)
LexToken(DELIMITER,';',6,7)
