LexToken(BEGIN,'S',1,0)
LexToken(NONTERM,'S',2,6)
LexToken(TO,'->',2,9)
LexToken(NONTERM,'Z',2,11)
LexToken(NONTERM,'S',2,14)
LexToken(NONTERM,'Z',2,17)
LexToken(OR,'|',2,20)
LexToken(NONTERM,'E',2,21)
LexToken(NONTERM,'S',2,24)
LexToken(NONTERM,'E',2,27)
LexToken(OR,'|',2,30)
LexToken(EPS,'_',2,31)
LexToken(SEP,';',2,32)
LexToken(NONTERM,'Z',3,34)
LexToken(TO,'->',3,37)
LexToken(TERM,'0',3,39)
LexToken(SEP,';',3,42)
LexToken(NONTERM,'E',4,44)
LexToken(TO,'->',4,47)
LexToken(TERM,'1',4,49)
LexToken(SEP,';',4,52)
