LexToken(START,'A',1,0)
LexToken(SEPARATOR,';',1,10)
LexToken(NON_TERMINAL,'A',2,0)
LexToken(ARROW,'->',2,3)
LexToken(TERMINAL,'(',2,5)
LexToken(NON_TERMINAL,'A',2,8)
LexToken(TERMINAL,')',2,11)
LexToken(NON_TERMINAL,'A',2,14)
LexToken(SEPARATOR,';',2,17)
LexToken(NON_TERMINAL,'A',3,0)
LexToken(ARROW,'->',3,3)
LexToken(NON_TERMINAL,'A',3,5)
LexToken(TERMINAL,'(',3,8)
LexToken(NON_TERMINAL,'A',3,11)
LexToken(TERMINAL,')',3,14)
LexToken(SEPARATOR,';',3,17)
LexToken(NON_TERMINAL,'A',4,0)
LexToken(ARROW,'->',4,3)
LexToken(EPSILON,'e',4,5)
LexToken(SEPARATOR,';',4,6)
